0 info it worked if it ends with ok
1 verbose cli [ '/Users/andrewlaskey/.nvm/versions/node/v7.7.1/bin/node',
1 verbose cli   '/Users/andrewlaskey/.nvm/versions/node/v7.7.1/bin/npm',
1 verbose cli   'run',
1 verbose cli   'dev' ]
2 info using npm@4.1.2
3 info using node@v7.7.1
4 verbose run-script [ 'predev', 'dev', 'postdev' ]
5 info lifecycle vue-firebase-blog@0.1.0~predev: vue-firebase-blog@0.1.0
6 silly lifecycle vue-firebase-blog@0.1.0~predev: no script for predev, continuing
7 info lifecycle vue-firebase-blog@0.1.0~dev: vue-firebase-blog@0.1.0
8 verbose lifecycle vue-firebase-blog@0.1.0~dev: unsafe-perm in lifecycle true
9 verbose lifecycle vue-firebase-blog@0.1.0~dev: PATH: /Users/andrewlaskey/.nvm/versions/node/v7.7.1/lib/node_modules/npm/bin/node-gyp-bin:/Users/andrewlaskey/Documents/Work/github/vue-firebase-blog/node_modules/.bin:/Users/andrewlaskey/.nvm/versions/node/v7.7.1/bin:/usr/local/bin:/usr/bin:/bin:/usr/sbin:/sbin:/usr/local/share/dotnet:/opt/X11/bin:/Library/Frameworks/Mono.framework/Versions/Current/Commands
10 verbose lifecycle vue-firebase-blog@0.1.0~dev: CWD: /Users/andrewlaskey/Documents/Work/github/vue-firebase-blog
11 silly lifecycle vue-firebase-blog@0.1.0~dev: Args: [ '-c', 'npm-run-all --parallel watchify serve' ]
12 silly lifecycle vue-firebase-blog@0.1.0~dev: Returned: code: 1  signal: null
13 info lifecycle vue-firebase-blog@0.1.0~dev: Failed to exec dev script
14 verbose stack Error: vue-firebase-blog@0.1.0 dev: `npm-run-all --parallel watchify serve`
14 verbose stack Exit status 1
14 verbose stack     at EventEmitter.<anonymous> (/Users/andrewlaskey/.nvm/versions/node/v7.7.1/lib/node_modules/npm/lib/utils/lifecycle.js:279:16)
14 verbose stack     at emitTwo (events.js:106:13)
14 verbose stack     at EventEmitter.emit (events.js:194:7)
14 verbose stack     at ChildProcess.<anonymous> (/Users/andrewlaskey/.nvm/versions/node/v7.7.1/lib/node_modules/npm/lib/utils/spawn.js:40:14)
14 verbose stack     at emitTwo (events.js:106:13)
14 verbose stack     at ChildProcess.emit (events.js:194:7)
14 verbose stack     at maybeClose (internal/child_process.js:899:16)
14 verbose stack     at Process.ChildProcess._handle.onexit (internal/child_process.js:226:5)
15 verbose pkgid vue-firebase-blog@0.1.0
16 verbose cwd /Users/andrewlaskey/Documents/Work/github/vue-firebase-blog
17 error Darwin 17.3.0
18 error argv "/Users/andrewlaskey/.nvm/versions/node/v7.7.1/bin/node" "/Users/andrewlaskey/.nvm/versions/node/v7.7.1/bin/npm" "run" "dev"
19 error node v7.7.1
20 error npm  v4.1.2
21 error code ELIFECYCLE
22 error vue-firebase-blog@0.1.0 dev: `npm-run-all --parallel watchify serve`
22 error Exit status 1
23 error Failed at the vue-firebase-blog@0.1.0 dev script 'npm-run-all --parallel watchify serve'.
23 error Make sure you have the latest version of node.js and npm installed.
23 error If you do, this is most likely a problem with the vue-firebase-blog package,
23 error not with npm itself.
23 error Tell the author that this fails on your system:
23 error     npm-run-all --parallel watchify serve
23 error You can get information on how to open an issue for this project with:
23 error     npm bugs vue-firebase-blog
23 error Or if that isn't available, you can get their info via:
23 error     npm owner ls vue-firebase-blog
23 error There is likely additional logging output above.
24 verbose exit [ 1, true ]
